<?xml version="1.0" encoding="UTF-8"?>
<testsuite name="Checkers.SampleTest" tests="1" skipped="0" failures="0" errors="0" timestamp="2025-02-03T06:09:08" hostname="192-168-1-105.tpgi.com.au" time="0.06">
  <properties/>
  <testcase name="simpleTest()" classname="Checkers.SampleTest" time="0.06"/>
  <system-out><![CDATA[]]></system-out>
  <system-err><![CDATA[]]></system-err>
</testsuite>
